mode: set
code/internal/drivers/cli-app/cli-app.go:18.26,20.2 1 1
code/internal/drivers/cli-app/cli-app.go:22.31,23.42 1 1
code/internal/drivers/cli-app/cli-app.go:23.42,25.3 1 0
code/internal/drivers/cli-app/cli-app.go:27.2,35.12 2 1
code/internal/drivers/cli-app/cli-app.go:38.40,49.2 2 1
code/internal/drivers/cli-app/cli-app.go:51.85,53.2 1 1
code/internal/drivers/cli-app/cli-app.go:55.64,56.45 1 1
code/internal/drivers/cli-app/cli-app.go:56.45,58.3 1 0
code/internal/drivers/cli-app/cli-app.go:60.2,60.12 1 1
code/gendiff.go:18.59,19.32 1 1
code/gendiff.go:19.32,21.3 1 1
code/gendiff.go:23.2,24.16 2 1
code/gendiff.go:24.16,26.3 1 1
code/gendiff.go:27.2,28.16 2 1
code/gendiff.go:28.16,30.3 1 1
code/gendiff.go:32.2,34.32 3 1
code/gendiff.go:34.32,36.3 1 1
code/gendiff.go:38.2,39.16 2 1
code/gendiff.go:39.16,41.3 1 1
code/gendiff.go:43.2,43.18 1 1
code/gendiff.go:43.18,45.3 1 1
code/gendiff.go:47.2,48.16 2 1
code/gendiff.go:48.16,50.3 1 1
code/gendiff.go:52.2,53.44 2 1
code/gendiff.go:56.56,57.13 1 1
code/gendiff.go:58.15,59.34 1 1
code/gendiff.go:60.23,61.34 1 1
code/gendiff.go:62.10,63.59 1 1
code/gendiff.go:67.65,68.16 1 1
code/gendiff.go:69.17,70.34 1 1
code/gendiff.go:71.15,72.32 1 1
code/gendiff.go:73.14,74.40 1 1
code/gendiff.go:75.10,76.59 1 1
code/cmd/gendiff/main.go:11.13,16.38 3 1
code/cmd/gendiff/main.go:16.38,18.17 2 0
code/cmd/gendiff/main.go:18.17,20.4 1 0
code/cmd/gendiff/main.go:21.3,21.13 1 0
code/cmd/gendiff/main.go:24.2,27.46 3 1
code/cmd/gendiff/main.go:27.46,29.17 2 0
code/cmd/gendiff/main.go:29.17,31.4 1 0
code/cmd/gendiff/main.go:32.3,32.13 1 0
code/internal/domain/diff/builder.go:9.55,12.22 2 1
code/internal/domain/diff/builder.go:12.22,14.3 1 1
code/internal/domain/diff/builder.go:16.2,16.23 1 1
code/internal/domain/diff/builder.go:16.23,18.3 1 1
code/internal/domain/diff/builder.go:20.2,21.28 2 1
code/internal/domain/diff/builder.go:21.28,23.3 1 1
code/internal/domain/diff/builder.go:25.2,28.30 3 1
code/internal/domain/diff/builder.go:28.30,32.10 3 1
code/internal/domain/diff/builder.go:33.27,34.85 1 1
code/internal/domain/diff/builder.go:35.27,36.84 1 1
code/internal/domain/diff/builder.go:37.11,38.47 1 1
code/internal/domain/diff/builder.go:38.47,45.13 5 1
code/internal/domain/diff/builder.go:48.4,48.38 1 1
code/internal/domain/diff/builder.go:48.38,51.13 2 1
code/internal/domain/diff/builder.go:54.4,54.105 1 1
code/internal/domain/diff/builder.go:58.2,58.15 1 1
code/internal/domain/diff/builder.go:61.27,62.14 1 1
code/internal/domain/diff/builder.go:62.14,64.3 1 1
code/internal/domain/diff/builder.go:66.2,67.8 2 1
code/internal/domain/diff/builder.go:67.8,69.3 1 1
code/internal/domain/diff/builder.go:71.2,73.11 2 1
code/internal/domain/diff/builder.go:76.37,77.14 1 1
code/internal/domain/diff/builder.go:77.14,79.3 1 1
code/internal/domain/diff/builder.go:81.2,81.37 1 1
code/internal/domain/diff/builder.go:81.37,83.3 1 1
code/internal/domain/diff/builder.go:85.2,85.45 1 1
code/internal/domain/diff/builder.go:85.45,87.3 1 0
code/internal/domain/diff/builder.go:89.2,89.25 1 1
code/internal/domain/diff/builder.go:92.33,94.2 1 1
code/internal/drivers/diff/handler.go:11.61,16.18 4 1
code/internal/drivers/diff/handler.go:16.18,18.3 1 0
code/internal/drivers/diff/handler.go:20.2,21.16 2 1
code/internal/drivers/diff/handler.go:21.16,23.3 1 1
code/internal/drivers/diff/handler.go:25.2,27.12 2 1
code/internal/drivers/formmaters/stylish/stylish.go:12.66,16.16 3 1
code/internal/drivers/formmaters/stylish/stylish.go:16.16,18.3 1 0
code/internal/drivers/formmaters/stylish/stylish.go:20.2,23.16 3 1
code/internal/drivers/formmaters/stylish/stylish.go:23.16,25.3 1 0
code/internal/drivers/formmaters/stylish/stylish.go:27.2,27.25 1 1
code/internal/drivers/formmaters/stylish/stylish.go:30.86,37.47 4 1
code/internal/drivers/formmaters/stylish/stylish.go:37.47,37.87 1 1
code/internal/drivers/formmaters/stylish/stylish.go:39.2,39.27 1 1
code/internal/drivers/formmaters/stylish/stylish.go:39.27,40.17 1 1
code/internal/drivers/formmaters/stylish/stylish.go:41.24,43.18 2 1
code/internal/drivers/formmaters/stylish/stylish.go:43.18,45.5 1 0
code/internal/drivers/formmaters/stylish/stylish.go:47.4,50.18 3 1
code/internal/drivers/formmaters/stylish/stylish.go:50.18,52.5 1 0
code/internal/drivers/formmaters/stylish/stylish.go:53.27,55.18 2 1
code/internal/drivers/formmaters/stylish/stylish.go:55.18,57.5 1 0
code/internal/drivers/formmaters/stylish/stylish.go:58.25,60.18 2 1
code/internal/drivers/formmaters/stylish/stylish.go:60.18,62.5 1 0
code/internal/drivers/formmaters/stylish/stylish.go:63.23,65.18 2 1
code/internal/drivers/formmaters/stylish/stylish.go:65.18,67.5 1 0
code/internal/drivers/formmaters/stylish/stylish.go:68.25,70.18 2 1
code/internal/drivers/formmaters/stylish/stylish.go:70.18,72.5 1 0
code/internal/drivers/formmaters/stylish/stylish.go:74.4,75.18 2 1
code/internal/drivers/formmaters/stylish/stylish.go:75.18,77.5 1 0
code/internal/drivers/formmaters/stylish/stylish.go:80.3,80.24 1 1
code/internal/drivers/formmaters/stylish/stylish.go:80.24,82.18 2 1
code/internal/drivers/formmaters/stylish/stylish.go:82.18,84.5 1 0
code/internal/drivers/formmaters/stylish/stylish.go:89.55,90.23 1 1
code/internal/drivers/formmaters/stylish/stylish.go:91.22,94.17 3 1
code/internal/drivers/formmaters/stylish/stylish.go:94.17,96.4 1 0
code/internal/drivers/formmaters/stylish/stylish.go:98.3,99.20 2 1
code/internal/drivers/formmaters/stylish/stylish.go:99.20,101.4 1 1
code/internal/drivers/formmaters/stylish/stylish.go:103.3,104.26 2 1
code/internal/drivers/formmaters/stylish/stylish.go:104.26,109.18 4 1
code/internal/drivers/formmaters/stylish/stylish.go:109.18,111.5 1 0
code/internal/drivers/formmaters/stylish/stylish.go:113.4,113.23 1 1
code/internal/drivers/formmaters/stylish/stylish.go:113.23,115.20 2 1
code/internal/drivers/formmaters/stylish/stylish.go:115.20,117.6 1 0
code/internal/drivers/formmaters/stylish/stylish.go:121.3,122.17 2 1
code/internal/drivers/formmaters/stylish/stylish.go:122.17,124.4 1 0
code/internal/drivers/formmaters/stylish/stylish.go:126.3,126.21 1 1
code/internal/drivers/formmaters/stylish/stylish.go:127.14,128.11 1 1
code/internal/drivers/formmaters/stylish/stylish.go:129.11,130.16 1 1
code/internal/drivers/formmaters/stylish/stylish.go:131.10,132.30 1 1
code/internal/drivers/parsers/jsonparser/jsonparser.go:9.60,12.49 2 1
code/internal/drivers/parsers/jsonparser/jsonparser.go:12.49,14.3 1 1
code/internal/drivers/parsers/jsonparser/jsonparser.go:16.2,16.15 1 1
code/internal/drivers/formmaters/json/json.go:13.66,19.2 3 1
code/internal/drivers/formmaters/json/json.go:21.75,26.47 3 1
code/internal/drivers/formmaters/json/json.go:26.47,26.87 1 1
code/internal/drivers/formmaters/json/json.go:28.2,33.16 3 1
code/internal/drivers/formmaters/json/json.go:33.16,36.3 2 0
code/internal/drivers/formmaters/json/json.go:38.2,39.16 2 1
code/internal/drivers/formmaters/json/json.go:39.16,41.3 1 0
code/internal/drivers/formmaters/plain/plain.go:12.66,18.2 3 1
code/internal/drivers/formmaters/plain/plain.go:20.87,24.47 3 1
code/internal/drivers/formmaters/plain/plain.go:24.47,24.87 1 1
code/internal/drivers/formmaters/plain/plain.go:26.2,26.27 1 1
code/internal/drivers/formmaters/plain/plain.go:26.27,30.17 3 1
code/internal/drivers/formmaters/plain/plain.go:31.24,32.46 1 1
code/internal/drivers/formmaters/plain/plain.go:33.27,34.12 1 1
code/internal/drivers/formmaters/plain/plain.go:35.25,37.18 2 1
code/internal/drivers/formmaters/plain/plain.go:37.18,39.5 1 0
code/internal/drivers/formmaters/plain/plain.go:40.23,42.18 2 1
code/internal/drivers/formmaters/plain/plain.go:42.18,44.5 1 0
code/internal/drivers/formmaters/plain/plain.go:45.25,47.18 2 1
code/internal/drivers/formmaters/plain/plain.go:47.18,49.5 1 0
code/internal/drivers/formmaters/plain/plain.go:52.3,52.49 1 1
code/internal/drivers/formmaters/plain/plain.go:52.49,54.18 2 1
code/internal/drivers/formmaters/plain/plain.go:54.18,56.5 1 0
code/internal/drivers/formmaters/plain/plain.go:61.35,63.2 1 1
code/internal/drivers/formmaters/plain/plain.go:65.44,66.23 1 1
code/internal/drivers/formmaters/plain/plain.go:67.22,68.27 1 1
code/internal/drivers/formmaters/plain/plain.go:69.14,70.32 1 1
code/internal/drivers/formmaters/plain/plain.go:71.11,72.16 1 0
code/internal/drivers/formmaters/plain/plain.go:73.10,74.30 1 1
code/internal/drivers/parsers/yamlparser/yamlparser.go:9.60,12.49 2 1
code/internal/drivers/parsers/yamlparser/yamlparser.go:12.49,14.3 1 1
code/internal/drivers/parsers/yamlparser/yamlparser.go:16.2,16.15 1 1
code/internal/usecase/diff/service.go:13.84,15.2 1 1
code/internal/usecase/diff/service.go:17.74,19.16 2 1
code/internal/usecase/diff/service.go:19.16,21.3 1 1
code/internal/usecase/diff/service.go:23.2,24.16 2 1
code/internal/usecase/diff/service.go:24.16,26.3 1 1
code/internal/usecase/diff/service.go:28.2,30.34 2 1
